<?xml version="1.0" encoding="UTF-8"?>
<testng-results ignored="0" total="1" passed="1" failed="0" skipped="0">
  <reporter-output>
  </reporter-output>
  <suite started-at="2025-09-24T14:05:06 BDT" name="Default suite" finished-at="2025-09-24T14:05:20 BDT" duration-ms="13921">
    <groups>
    </groups>
    <test started-at="2025-09-24T14:05:06 BDT" name="Default test" finished-at="2025-09-24T14:05:20 BDT" duration-ms="13921">
      <class name="tests.MenuTest">
        <test-method is-config="true" signature="lgTest()[pri:0, instance:tests.MenuTest@8462f31]" started-at="2025-09-24T14:05:06 BDT" name="lgTest" finished-at="2025-09-24T14:05:16 BDT" duration-ms="9840" status="PASS">
          <reporter-output>
          </reporter-output>
        </test-method> <!-- lgTest -->
        <test-method signature="tc02()[pri:0, instance:tests.MenuTest@8462f31]" started-at="2025-09-24T14:05:16 BDT" name="tc02" finished-at="2025-09-24T14:05:20 BDT" duration-ms="3701" status="PASS">
          <reporter-output>
          </reporter-output>
        </test-method> <!-- tc02 -->
        <test-method is-config="true" signature="tearDown()[pri:0, instance:tests.MenuTest@8462f31]" started-at="2025-09-24T14:05:20 BDT" name="tearDown" finished-at="2025-09-24T14:05:20 BDT" duration-ms="306" status="PASS">
          <reporter-output>
          </reporter-output>
        </test-method> <!-- tearDown -->
      </class> <!-- tests.MenuTest -->
    </test> <!-- Default test -->
  </suite> <!-- Default suite -->
</testng-results>
